**********************
PowerShell transcript start
Start time: 20240808121625
Username: SYSTEMATICGROUP\mtp
RunAs User: SYSTEMATICGROUP\mtp
Configuration Name: 
Machine: PC-10558 (Microsoft Windows NT 10.0.19045.0)
Host Application: C:\Program Files\PowerShell\7\pwsh.dll -NoProfile -ExecutionPolicy Bypass -Command Import-Module 'c:\Users\mtp\.vscode\extensions\ms-vscode.powershell-2024.2.2\modules\PowerShellEditorServices\PowerShellEditorServices.psd1'; Start-EditorServices -HostName 'Visual Studio Code Host' -HostProfileId 'Microsoft.VSCode' -HostVersion '2024.2.2' -BundledModulesPath 'c:\Users\mtp\.vscode\extensions\ms-vscode.powershell-2024.2.2\modules' -EnableConsoleRepl -StartupBanner "PowerShell Extension v2024.2.2
Copyright (c) Microsoft Corporation.

https://aka.ms/vscode-powershell
Type 'help' to get help.
" -LogLevel 'Normal' -LogPath 'c:\Users\mtp\AppData\Roaming\Code\User\globalStorage\ms-vscode.powershell\logs\1723112146-cbdffc94-d870-46bb-9bae-49c86cfc2d711723112137082' -SessionDetailsPath 'c:\Users\mtp\AppData\Roaming\Code\User\globalStorage\ms-vscode.powershell\sessions\PSES-VSCode-29124-594337.json' -FeatureFlags @() 
Process ID: 27840
PSVersion: 7.4.4
PSEdition: Core
GitCommitId: 7.4.4
OS: Microsoft Windows 10.0.19045
Platform: Win32NT
PSCompatibleVersions: 1.0, 2.0, 3.0, 4.0, 5.0, 5.1, 6.0, 7.0
PSRemotingProtocolVersion: 2.3
SerializationVersion: 1.1.0.1
WSManStackVersion: 3.0
**********************
Transcript started, output file is C:\Users\mtp\projects\github\wsl-backup-solution-local\PC-10558-setup.log
**********************
PowerShell transcript end
End time: 20240808121625
**********************
