**********************
PowerShell transcript start
Start time: 20240914092153
Username: SYSTEMATICGROUP\mtp
RunAs User: SYSTEMATICGROUP\mtp
Configuration Name: 
Machine: PC-10558 (Microsoft Windows NT 10.0.19045.0)
Host Application: C:\Program Files\PowerShell\7\pwsh.dll -File get-user-input-bootstrap.ps1
Process ID: 18176
PSVersion: 7.4.5
PSEdition: Core
GitCommitId: 7.4.5
OS: Microsoft Windows 10.0.19045
Platform: Win32NT
PSCompatibleVersions: 1.0, 2.0, 3.0, 4.0, 5.0, 5.1, 6.0, 7.0
PSRemotingProtocolVersion: 2.3
SerializationVersion: 1.1.0.1
WSManStackVersion: 3.0
**********************
Transcript started, output file is C:\Users\mtp\projects\wsl-backup-restore\PC-10558-get-user-input-bootstrap.log
