**********************
PowerShell transcript start
Start time: 20240809095159
Username: SYSTEMATICGROUP\mtp
RunAs User: SYSTEMATICGROUP\mtp
Configuration Name: 
Machine: PC-10558 (Microsoft Windows NT 10.0.19045.0)
Host Application: C:\Program Files\PowerShell\7\pwsh.dll -NoProfile -ExecutionPolicy Bypass -File backup-wsl-bootstrap.ps1
Process ID: 1244
PSVersion: 7.4.4
PSEdition: Core
GitCommitId: 7.4.4
OS: Microsoft Windows 10.0.19045
Platform: Win32NT
PSCompatibleVersions: 1.0, 2.0, 3.0, 4.0, 5.0, 5.1, 6.0, 7.0
PSRemotingProtocolVersion: 2.3
SerializationVersion: 1.1.0.1
WSManStackVersion: 3.0
**********************
Transcript started, output file is C:\Users\mtp\projects\github\wsl-backup-quick1\PC-10558-backup-wsl-bootstrap.log
Copy the content of the source folder C:\Users\mtp\projects\github\wsl-backup-quick1 to the destination C:\Users\mtp\ONEDRI~1\wsl-scripts\ folder (including subdirectories)

TaskPath                                       TaskName                          State
--------                                       --------                          -----
\                                              Backup WSL                        Ready
**********************
PowerShell transcript end
End time: 20240809095212
**********************
